<?xml version="1.0" encoding="UTF-8"?>
<testng-results ignored="0" total="1" passed="1" failed="0" skipped="0">
  <reporter-output>
  </reporter-output>
  <suite started-at="2023-01-06T17:53:28 CST" name="Default suite" finished-at="2023-01-06T17:53:37 CST" duration-ms="8333">
    <groups>
    </groups>
    <test started-at="2023-01-06T17:53:28 CST" name="Default test" finished-at="2023-01-06T17:53:37 CST" duration-ms="8333">
      <class name="tests.PizzaHutTest">
        <test-method is-config="true" signature="setUp()[pri:0, instance:tests.PizzaHutTest@2f54a33d]" started-at="2023-01-06T17:53:28 CST" name="setUp" finished-at="2023-01-06T17:53:30 CST" duration-ms="1286" status="PASS">
          <reporter-output>
          </reporter-output>
        </test-method> <!-- setUp -->
        <test-method signature="testPizzaHutHomePage()[pri:0, instance:tests.PizzaHutTest@2f54a33d]" started-at="2023-01-06T17:53:30 CST" name="testPizzaHutHomePage" finished-at="2023-01-06T17:53:36 CST" duration-ms="6793" status="PASS">
          <reporter-output>
          </reporter-output>
        </test-method> <!-- testPizzaHutHomePage -->
        <test-method is-config="true" signature="tearDown()[pri:0, instance:tests.PizzaHutTest@2f54a33d]" started-at="2023-01-06T17:53:36 CST" name="tearDown" finished-at="2023-01-06T17:53:37 CST" duration-ms="219" status="PASS">
          <reporter-output>
          </reporter-output>
        </test-method> <!-- tearDown -->
      </class> <!-- tests.PizzaHutTest -->
    </test> <!-- Default test -->
  </suite> <!-- Default suite -->
</testng-results>
